<?xml version="1.0" encoding="UTF-8"?>
<!-- Generated by org.testng.reporters.JUnitReportReporter -->
<testsuite skipped="0" hostname="DESKTOP-3GNVT0U" name="com.qa.testcases.SubscriptionManagement" tests="4" failures="0" timestamp="29 Dec 2020 17:05:16 GMT" time="1069.924" errors="0">
  <testcase name="chargeCreation" time="280.830" classname="com.qa.testcases.SubscriptionManagement"/>
  <testcase name="chargeCreation" time="217.488" classname="com.qa.testcases.SubscriptionManagement"/>
  <testcase name="chargeCreation" time="279.264" classname="com.qa.testcases.SubscriptionManagement"/>
  <testcase name="chargeCreation" time="292.342" classname="com.qa.testcases.SubscriptionManagement"/>
</testsuite> <!-- com.qa.testcases.SubscriptionManagement -->
