<?xml version="1.0" encoding="UTF-8"?>
<!-- Generated by org.testng.reporters.JUnitReportReporter -->
<testsuite skipped="0" hostname="DESKTOP-3GNVT0U" name="com.qa.testcases.AncillaryChargeCreation" tests="1" failures="0" timestamp="23 Nov 2020 17:29:06 GMT" time="170.888" errors="0">
  <testcase name="chargeCreation" time="170.888" classname="com.qa.testcases.AncillaryChargeCreation"/>
</testsuite> <!-- com.qa.testcases.AncillaryChargeCreation -->
